<?xml version="1.0" encoding="UTF-8"?>
<testsuite name="controller.BattleshipSalvoTest" tests="2" skipped="0" failures="0" errors="0" timestamp="2023-06-25T22:59:50" hostname="Giovannis-MacBook-Pro.local" time="0.031">
  <properties/>
  <testcase name="invalidRunTest()" classname="controller.BattleshipSalvoTest" time="0.029"/>
  <testcase name="runTest()" classname="controller.BattleshipSalvoTest" time="0.002"/>
  <system-out><![CDATA[]]></system-out>
  <system-err><![CDATA[]]></system-err>
</testsuite>
