<?xml version="1.0" encoding="UTF-8"?>
<testsuite name="model.CoordTest" tests="4" skipped="0" failures="0" errors="0" timestamp="2023-06-25T22:59:50" hostname="Giovannis-MacBook-Pro.local" time="0.002">
  <properties/>
  <testcase name="getStatusTest()" classname="model.CoordTest" time="0.001"/>
  <testcase name="changeStatusTest()" classname="model.CoordTest" time="0.0"/>
  <testcase name="getXtest()" classname="model.CoordTest" time="0.0"/>
  <testcase name="getYtest()" classname="model.CoordTest" time="0.0"/>
  <system-out><![CDATA[]]></system-out>
  <system-err><![CDATA[]]></system-err>
</testsuite>
