<?xml version="1.0" encoding="UTF-8"?>
<testsuite name="model.AbstractPlayerTest" tests="5" skipped="0" failures="0" errors="0" timestamp="2023-06-25T22:59:50" hostname="Giovannis-MacBook-Pro.local" time="0.007">
  <properties/>
  <testcase name="shotsAvailableTest()" classname="model.AbstractPlayerTest" time="0.001"/>
  <testcase name="reportDamageTest()" classname="model.AbstractPlayerTest" time="0.0"/>
  <testcase name="successfulHitsTest()" classname="model.AbstractPlayerTest" time="0.0"/>
  <testcase name="setupTest()" classname="model.AbstractPlayerTest" time="0.001"/>
  <testcase name="nameTest()" classname="model.AbstractPlayerTest" time="0.001"/>
  <system-out><![CDATA[]]></system-out>
  <system-err><![CDATA[]]></system-err>
</testsuite>
