<?xml version="1.0" encoding="UTF-8"?>
<testsuite name="view.ViewImplTest" tests="3" skipped="0" failures="0" errors="0" timestamp="2023-06-25T22:59:50" hostname="Giovannis-MacBook-Pro.local" time="0.001">
  <properties/>
  <testcase name="displayString()" classname="view.ViewImplTest" time="0.0"/>
  <testcase name="displayOpponentBoard()" classname="view.ViewImplTest" time="0.0"/>
  <testcase name="displayBoard()" classname="view.ViewImplTest" time="0.0"/>
  <system-out><![CDATA[]]></system-out>
  <system-err><![CDATA[]]></system-err>
</testsuite>
