<?xml version="1.0" encoding="UTF-8"?>
<testsuite name="model.CoordStatusTest" tests="1" skipped="0" failures="0" errors="0" timestamp="2023-06-25T22:59:50" hostname="Giovannis-MacBook-Pro.local" time="0.0">
  <properties/>
  <testcase name="getSymbolTest()" classname="model.CoordStatusTest" time="0.0"/>
  <system-out><![CDATA[]]></system-out>
  <system-err><![CDATA[]]></system-err>
</testsuite>
